[2026-03-26 09:07:20]  ============================================================
[2026-03-26 09:07:20]  MODE: Previous Day Report
[2026-03-26 09:07:20]  ============================================================
[2026-03-26 09:07:20]  Target date: 2026-03-25
[2026-03-26 09:07:20]  CSV not found: C:\Codes\final_etl/nepse_data/live_feed.csv
[2026-03-26 09:07:20]  Not in live_feed.csv — checking archive ...
[2026-03-26 09:07:20]  Archive not found: C:\Codes\final_etl/nepse_data/archive/2026-03-25.csv
[2026-03-26 09:07:20]  No data found for 2026-03-25. Cannot generate previous-day report.
[2026-03-26 09:07:20]    Run --prev BEFORE --cleanup, or verify the archive folder.
[2026-03-26 09:09:53]  ============================================================
[2026-03-26 09:09:53]  MODE: Previous Day Report
[2026-03-26 09:09:53]  ============================================================
[2026-03-26 09:09:53]  Target date: 2026-03-25
[2026-03-26 09:09:53]  Loaded 600 rows for 10 symbol(s) — 2026-03-25
[2026-03-26 09:09:53]  Generating charts ...
[2026-03-26 09:09:53]    Chart saved -> C:\Codes\final_etl/nepse_data/reports/charts/2026-03-25/ADBL_chart.png
[2026-03-26 09:09:53]    Chart saved -> C:\Codes\final_etl/nepse_data/reports/charts/2026-03-25/EBL_chart.png
[2026-03-26 09:09:53]    Chart saved -> C:\Codes\final_etl/nepse_data/reports/charts/2026-03-25/GBIME_chart.png
[2026-03-26 09:09:53]    Chart saved -> C:\Codes\final_etl/nepse_data/reports/charts/2026-03-25/NABIL_chart.png
[2026-03-26 09:09:53]    Chart saved -> C:\Codes\final_etl/nepse_data/reports/charts/2026-03-25/NEPSE_chart.png
[2026-03-26 09:09:53]    Chart saved -> C:\Codes\final_etl/nepse_data/reports/charts/2026-03-25/NICA_chart.png
[2026-03-26 09:09:53]    Chart saved -> C:\Codes\final_etl/nepse_data/reports/charts/2026-03-25/NTC_chart.png
[2026-03-26 09:09:54]    Chart saved -> C:\Codes\final_etl/nepse_data/reports/charts/2026-03-25/SBL_chart.png
[2026-03-26 09:09:54]    Chart saved -> C:\Codes\final_etl/nepse_data/reports/charts/2026-03-25/SCB_chart.png
[2026-03-26 09:09:54]    Chart saved -> C:\Codes\final_etl/nepse_data/reports/charts/2026-03-25/UPPER_chart.png
[2026-03-26 09:09:54]  Building PDF → C:\Codes\final_etl/nepse_data/reports/NEPSE_Report_2026-03-25.pdf
[2026-03-26 09:09:54]  PDF saved → C:\Codes\final_etl/nepse_data/reports/NEPSE_Report_2026-03-25.pdf
[2026-03-26 09:09:54]  Sending email ...
[2026-03-26 09:09:54]    Preparing email to 080bct035@ioepc.edu.np ...
[2026-03-26 09:09:54]    Attaching: NEPSE_Report_2026-03-25.pdf ...
[2026-03-26 09:09:54]    PDF attached.
[2026-03-26 09:09:54]    Connecting to smtp.gmail.com:587 ...
[2026-03-26 09:09:57]    Login OK as 080bct046@ioepc.edu.np
[2026-03-26 09:10:06]    Email sent successfully to 080bct035@ioepc.edu.np
[2026-03-26 09:10:07]  Previous day report complete.
[2026-03-26 09:23:51]  ============================================================
[2026-03-26 09:23:51]  MODE: Previous Day Report
[2026-03-26 09:23:51]  ============================================================
[2026-03-26 09:23:51]  Target date: 2026-03-25
[2026-03-26 09:23:51]  Loaded 600 rows for 10 symbol(s) — 2026-03-25
[2026-03-26 09:23:51]  Generating charts ...
[2026-03-26 09:23:51]    Chart saved -> C:\Codes\final_etl/nepse_data/reports/charts/2026-03-25/ADBL_chart.png
[2026-03-26 09:23:52]    Chart saved -> C:\Codes\final_etl/nepse_data/reports/charts/2026-03-25/EBL_chart.png
[2026-03-26 09:23:52]    Chart saved -> C:\Codes\final_etl/nepse_data/reports/charts/2026-03-25/GBIME_chart.png
[2026-03-26 09:23:52]    Chart saved -> C:\Codes\final_etl/nepse_data/reports/charts/2026-03-25/NABIL_chart.png
[2026-03-26 09:23:52]    Chart saved -> C:\Codes\final_etl/nepse_data/reports/charts/2026-03-25/NEPSE_chart.png
[2026-03-26 09:23:52]    Chart saved -> C:\Codes\final_etl/nepse_data/reports/charts/2026-03-25/NICA_chart.png
[2026-03-26 09:23:52]    Chart saved -> C:\Codes\final_etl/nepse_data/reports/charts/2026-03-25/NTC_chart.png
[2026-03-26 09:23:52]    Chart saved -> C:\Codes\final_etl/nepse_data/reports/charts/2026-03-25/SBL_chart.png
[2026-03-26 09:23:52]    Chart saved -> C:\Codes\final_etl/nepse_data/reports/charts/2026-03-25/SCB_chart.png
[2026-03-26 09:23:52]    Chart saved -> C:\Codes\final_etl/nepse_data/reports/charts/2026-03-25/UPPER_chart.png
[2026-03-26 09:23:52]  Building PDF → C:\Codes\final_etl/nepse_data/reports/NEPSE_Report_2026-03-25.pdf
[2026-03-26 09:23:53]  PDF saved → C:\Codes\final_etl/nepse_data/reports/NEPSE_Report_2026-03-25.pdf
[2026-03-26 09:23:53]  Sending email ...
[2026-03-26 09:23:53]    Preparing email to karunakarki840@gmail.com ...
[2026-03-26 09:23:53]    Attaching: NEPSE_Report_2026-03-25.pdf ...
[2026-03-26 09:23:53]    PDF attached.
[2026-03-26 09:23:53]    Connecting to smtp.gmail.com:587 ...
[2026-03-26 09:23:56]    Login OK as 080bct035@ioepc.edu.np
[2026-03-26 09:24:06]    Email sent successfully to karunakarki840@gmail.com
[2026-03-26 09:24:07]  Previous day report complete.
